<?xml version="1.0" encoding="UTF-8"?>
<testsuite name="com.jojoldu.book.springboot.domain.posts.PostsRepositoryTest" tests="2" skipped="0" failures="0" errors="0" timestamp="2024-02-20T09:10:55" hostname="LEEJEONGWOO" time="0.535">
  <properties/>
  <testcase name="게시글저장_불러오기()" classname="com.jojoldu.book.springboot.domain.posts.PostsRepositoryTest" time="0.494"/>
  <testcase name="BaseTimeEntity_등록()" classname="com.jojoldu.book.springboot.domain.posts.PostsRepositoryTest" time="0.039"/>
  <system-out><![CDATA[2024-02-20T18:10:50.147+09:00  INFO 24720 --- [    Test worker] t.c.s.AnnotationConfigContextLoaderUtils : Could not detect default configuration classes for test class [com.jojoldu.book.springboot.domain.posts.PostsRepositoryTest]: PostsRepositoryTest does not declare any static, non-private, non-final, nested classes annotated with @Configuration.
2024-02-20T18:10:50.161+09:00  INFO 24720 --- [    Test worker] .b.t.c.SpringBootTestContextBootstrapper : Found @SpringBootConfiguration com.jojoldu.book.springboot.Application for test class com.jojoldu.book.springboot.domain.posts.PostsRepositoryTest

  .   ____          _            __ _ _
 /\\ / ___'_ __ _ _(_)_ __  __ _ \ \ \ \
( ( )\___ | '_ | '_| | '_ \/ _` | \ \ \ \
 \\/  ___)| |_)| | | | | || (_| |  ) ) ) )
  '  |____| .__|_| |_|_| |_\__, | / / / /
 =========|_|==============|___/=/_/_/_/
 :: Spring Boot ::                (v3.2.2)

2024-02-20T18:10:50.202+09:00  INFO 24720 --- [    Test worker] c.j.b.s.d.posts.PostsRepositoryTest      : Starting PostsRepositoryTest using Java 17.0.8 with PID 24720 (started by lee12 in C:\jojoldu\Documents\git\book\projects\freelec-springboot2-webservice)
2024-02-20T18:10:50.202+09:00  INFO 24720 --- [    Test worker] c.j.b.s.d.posts.PostsRepositoryTest      : The following 1 profile is active: "oauth"
2024-02-20T18:10:50.616+09:00  INFO 24720 --- [    Test worker] .s.d.r.c.RepositoryConfigurationDelegate : Bootstrapping Spring Data JPA repositories in DEFAULT mode.
2024-02-20T18:10:50.682+09:00  INFO 24720 --- [    Test worker] .s.d.r.c.RepositoryConfigurationDelegate : Finished Spring Data repository scanning in 54 ms. Found 2 JPA repository interfaces.
2024-02-20T18:10:51.007+09:00  INFO 24720 --- [    Test worker] com.zaxxer.hikari.HikariDataSource       : HikariPool-1 - Starting...
2024-02-20T18:10:51.330+09:00  INFO 24720 --- [    Test worker] com.zaxxer.hikari.pool.HikariPool        : HikariPool-1 - Added connection conn0: url=jdbc:h2:mem://localhost/~/testdb user=SA
2024-02-20T18:10:51.335+09:00  INFO 24720 --- [    Test worker] com.zaxxer.hikari.HikariDataSource       : HikariPool-1 - Start completed.
2024-02-20T18:10:51.594+09:00  INFO 24720 --- [    Test worker] o.hibernate.jpa.internal.util.LogHelper  : HHH000204: Processing PersistenceUnitInfo [name: default]
2024-02-20T18:10:51.716+09:00  INFO 24720 --- [    Test worker] org.hibernate.Version                    : HHH000412: Hibernate ORM core version 6.4.1.Final
2024-02-20T18:10:51.775+09:00  INFO 24720 --- [    Test worker] o.h.c.internal.RegionFactoryInitiator    : HHH000026: Second-level cache disabled
2024-02-20T18:10:52.041+09:00  INFO 24720 --- [    Test worker] o.s.o.j.p.SpringPersistenceUnitInfo      : No LoadTimeWeaver setup: ignoring JPA class transformer
2024-02-20T18:10:52.142+09:00  WARN 24720 --- [    Test worker] org.hibernate.orm.deprecation            : HHH90000025: MySQL8Dialect does not need to be specified explicitly using 'hibernate.dialect' (remove the property setting and it will be selected by default)
2024-02-20T18:10:52.149+09:00  WARN 24720 --- [    Test worker] org.hibernate.orm.deprecation            : HHH90000026: MySQL8Dialect has been deprecated; use org.hibernate.dialect.MySQLDialect instead
2024-02-20T18:10:53.348+09:00  INFO 24720 --- [    Test worker] o.h.e.t.j.p.i.JtaPlatformInitiator       : HHH000489: No JTA platform available (set 'hibernate.transaction.jta.platform' to enable JTA platform integration)
Hibernate: drop table if exists posts
Hibernate: drop table if exists users
Hibernate: create table posts (created_date datetime(6), id bigint not null auto_increment, modified_date datetime(6), title varchar(500) not null, author varchar(255), content TEXT not null, primary key (id)) engine=InnoDB
Hibernate: create table users (created_date datetime(6), id bigint not null auto_increment, modified_date datetime(6), email varchar(255) not null, name varchar(255) not null, picture varchar(255), role enum ('GUEST','USER') not null, primary key (id)) engine=InnoDB
2024-02-20T18:10:53.399+09:00  INFO 24720 --- [    Test worker] j.LocalContainerEntityManagerFactoryBean : Initialized JPA EntityManagerFactory for persistence unit 'default'
2024-02-20T18:10:53.861+09:00  INFO 24720 --- [    Test worker] o.s.d.j.r.query.QueryEnhancerFactory     : Hibernate is in classpath; If applicable, HQL parser will be used.
2024-02-20T18:10:54.595+09:00  WARN 24720 --- [    Test worker] JpaBaseConfiguration$JpaWebConfiguration : spring.jpa.open-in-view is enabled by default. Therefore, database queries may be performed during view rendering. Explicitly configure spring.jpa.open-in-view to disable this warning
2024-02-20T18:10:54.614+09:00  INFO 24720 --- [    Test worker] o.s.b.a.w.s.WelcomePageHandlerMapping    : Adding welcome page template: index
2024-02-20T18:10:54.731+09:00  INFO 24720 --- [    Test worker] o.s.s.web.DefaultSecurityFilterChain     : Will secure any request with [org.springframework.security.web.session.DisableEncodeUrlFilter@6382bc3f, org.springframework.security.web.context.request.async.WebAsyncManagerIntegrationFilter@28a821f9, org.springframework.security.web.context.SecurityContextHolderFilter@4988c303, org.springframework.security.web.header.HeaderWriterFilter@6c9fe061, org.springframework.web.filter.CorsFilter@2a4137a2, org.springframework.security.web.authentication.logout.LogoutFilter@6fb9dab6, org.springframework.security.oauth2.client.web.OAuth2AuthorizationRequestRedirectFilter@71e740c6, org.springframework.security.oauth2.client.web.OAuth2LoginAuthenticationFilter@1a26eecb, org.springframework.security.web.authentication.ui.DefaultLoginPageGeneratingFilter@42ea4bac, org.springframework.security.web.authentication.ui.DefaultLogoutPageGeneratingFilter@7bcd497, org.springframework.security.web.savedrequest.RequestCacheAwareFilter@798ac54d, org.springframework.security.web.servletapi.SecurityContextHolderAwareRequestFilter@51653509, org.springframework.security.web.authentication.AnonymousAuthenticationFilter@71a9e31b, org.springframework.security.web.access.ExceptionTranslationFilter@245504d, org.springframework.security.web.access.intercept.AuthorizationFilter@3ab87cac]
2024-02-20T18:10:54.995+09:00  INFO 24720 --- [    Test worker] o.s.b.a.h2.H2ConsoleAutoConfiguration    : H2 console available at '/h2-console'. Database available at 'jdbc:h2:mem://localhost/~/testdb'
2024-02-20T18:10:55.303+09:00  INFO 24720 --- [    Test worker] c.j.b.s.d.posts.PostsRepositoryTest      : Started PostsRepositoryTest in 5.131 seconds (process running for 11.622)
Hibernate: insert into posts (author,content,created_date,modified_date,title) values (?,?,?,?,?)
Hibernate: select p1_0.id,p1_0.author,p1_0.content,p1_0.created_date,p1_0.modified_date,p1_0.title from posts p1_0
Hibernate: select p1_0.id,p1_0.author,p1_0.content,p1_0.created_date,p1_0.modified_date,p1_0.title from posts p1_0
Hibernate: delete from posts where id=?
Hibernate: insert into posts (author,content,created_date,modified_date,title) values (?,?,?,?,?)
Hibernate: select p1_0.id,p1_0.author,p1_0.content,p1_0.created_date,p1_0.modified_date,p1_0.title from posts p1_0
>>>>>>>>>> createDate=2024-02-20T18:10:55.810517, modifiedDate=2024-02-20T18:10:55.810517
Hibernate: select p1_0.id,p1_0.author,p1_0.content,p1_0.created_date,p1_0.modified_date,p1_0.title from posts p1_0
Hibernate: delete from posts where id=?
]]></system-out>
  <system-err><![CDATA[]]></system-err>
</testsuite>
