<?xml version="1.0" encoding="UTF-8"?>
<testsuite name="com.jojoldu.book.springboot.web.PostsApiControllerTest" tests="2" skipped="0" failures="0" errors="0" timestamp="2024-02-20T09:10:57" hostname="LEEJEONGWOO" time="0.146">
  <properties/>
  <testcase name="Posts_등록된다()" classname="com.jojoldu.book.springboot.web.PostsApiControllerTest" time="0.095"/>
  <testcase name="Posts_수정된다()" classname="com.jojoldu.book.springboot.web.PostsApiControllerTest" time="0.048"/>
  <system-out><![CDATA[2024-02-20T18:10:57.549+09:00  INFO 24720 --- [    Test worker] t.c.s.AnnotationConfigContextLoaderUtils : Could not detect default configuration classes for test class [com.jojoldu.book.springboot.web.PostsApiControllerTest]: PostsApiControllerTest does not declare any static, non-private, non-final, nested classes annotated with @Configuration.
2024-02-20T18:10:57.553+09:00  INFO 24720 --- [    Test worker] .b.t.c.SpringBootTestContextBootstrapper : Found @SpringBootConfiguration com.jojoldu.book.springboot.Application for test class com.jojoldu.book.springboot.web.PostsApiControllerTest
2024-02-20T18:10:57.578+09:00  INFO 24720 --- [    Test worker] o.a.c.c.C.[Tomcat].[localhost].[/]       : Initializing Spring TestDispatcherServlet ''
2024-02-20T18:10:57.579+09:00  INFO 24720 --- [    Test worker] o.s.t.web.servlet.TestDispatcherServlet  : Initializing Servlet ''
2024-02-20T18:10:57.580+09:00  INFO 24720 --- [    Test worker] o.s.t.web.servlet.TestDispatcherServlet  : Completed initialization in 1 ms
Hibernate: insert into posts (author,content,created_date,modified_date,title) values (?,?,?,?,?)
Hibernate: select p1_0.id,p1_0.author,p1_0.content,p1_0.created_date,p1_0.modified_date,p1_0.title from posts p1_0
Hibernate: select p1_0.id,p1_0.author,p1_0.content,p1_0.created_date,p1_0.modified_date,p1_0.title from posts p1_0
Hibernate: delete from posts where id=?
2024-02-20T18:10:57.674+09:00  INFO 24720 --- [    Test worker] o.a.c.c.C.[Tomcat].[localhost].[/]       : Initializing Spring TestDispatcherServlet ''
2024-02-20T18:10:57.674+09:00  INFO 24720 --- [    Test worker] o.s.t.web.servlet.TestDispatcherServlet  : Initializing Servlet ''
2024-02-20T18:10:57.675+09:00  INFO 24720 --- [    Test worker] o.s.t.web.servlet.TestDispatcherServlet  : Completed initialization in 1 ms
Hibernate: insert into posts (author,content,created_date,modified_date,title) values (?,?,?,?,?)
Hibernate: select p1_0.id,p1_0.author,p1_0.content,p1_0.created_date,p1_0.modified_date,p1_0.title from posts p1_0 where p1_0.id=?
Hibernate: update posts set author=?,content=?,created_date=?,modified_date=?,title=? where id=?
Hibernate: select p1_0.id,p1_0.author,p1_0.content,p1_0.created_date,p1_0.modified_date,p1_0.title from posts p1_0
Hibernate: select p1_0.id,p1_0.author,p1_0.content,p1_0.created_date,p1_0.modified_date,p1_0.title from posts p1_0
Hibernate: delete from posts where id=?
]]></system-out>
  <system-err><![CDATA[]]></system-err>
</testsuite>
