<?xml version="1.0" encoding="UTF-8"?>
<testsuite name="com.jojoldu.book.springboot.HelloControllerTest" tests="2" skipped="0" failures="0" errors="0" timestamp="2024-02-20T09:10:48" hostname="LEEJEONGWOO" time="1.664">
  <properties/>
  <testcase name="hello가_리턴된다()" classname="com.jojoldu.book.springboot.HelloControllerTest" time="1.485"/>
  <testcase name="helloDto가_리턴된다()" classname="com.jojoldu.book.springboot.HelloControllerTest" time="0.177"/>
  <system-out><![CDATA[18:10:45.366 [Test worker] INFO org.springframework.test.context.support.AnnotationConfigContextLoaderUtils -- Could not detect default configuration classes for test class [com.jojoldu.book.springboot.HelloControllerTest]: HelloControllerTest does not declare any static, non-private, non-final, nested classes annotated with @Configuration.
18:10:45.533 [Test worker] INFO org.springframework.boot.test.context.SpringBootTestContextBootstrapper -- Found @SpringBootConfiguration com.jojoldu.book.springboot.Application for test class com.jojoldu.book.springboot.HelloControllerTest

  .   ____          _            __ _ _
 /\\ / ___'_ __ _ _(_)_ __  __ _ \ \ \ \
( ( )\___ | '_ | '_| | '_ \/ _` | \ \ \ \
 \\/  ___)| |_)| | | | | || (_| |  ) ) ) )
  '  |____| .__|_| |_|_| |_\__, | / / / /
 =========|_|==============|___/=/_/_/_/
 :: Spring Boot ::                (v3.2.2)

2024-02-20T18:10:46.092+09:00  INFO 24720 --- [    Test worker] c.j.book.springboot.HelloControllerTest  : Starting HelloControllerTest using Java 17.0.8 with PID 24720 (started by lee12 in C:\jojoldu\Documents\git\book\projects\freelec-springboot2-webservice)
2024-02-20T18:10:46.094+09:00  INFO 24720 --- [    Test worker] c.j.book.springboot.HelloControllerTest  : The following 1 profile is active: "oauth"
2024-02-20T18:10:47.594+09:00  INFO 24720 --- [    Test worker] o.s.b.a.w.s.WelcomePageHandlerMapping    : Adding welcome page template: index
2024-02-20T18:10:48.281+09:00  INFO 24720 --- [    Test worker] o.s.s.web.DefaultSecurityFilterChain     : Will secure any request with [org.springframework.security.web.session.DisableEncodeUrlFilter@601d6622, org.springframework.security.web.context.request.async.WebAsyncManagerIntegrationFilter@76216830, org.springframework.security.web.context.SecurityContextHolderFilter@3c81cd82, org.springframework.security.web.header.HeaderWriterFilter@3af2f846, org.springframework.web.filter.CorsFilter@7aded903, org.springframework.security.web.csrf.CsrfFilter@4b9dbf07, org.springframework.security.web.authentication.logout.LogoutFilter@4b9c411, org.springframework.security.oauth2.client.web.OAuth2AuthorizationRequestRedirectFilter@39023dbf, org.springframework.security.oauth2.client.web.OAuth2AuthorizationRequestRedirectFilter@1a1f79ce, org.springframework.security.oauth2.client.web.OAuth2LoginAuthenticationFilter@30f28b5, org.springframework.security.web.authentication.ui.DefaultLoginPageGeneratingFilter@320be73, org.springframework.security.web.authentication.ui.DefaultLogoutPageGeneratingFilter@2db86a7c, org.springframework.security.web.savedrequest.RequestCacheAwareFilter@49cb3881, org.springframework.security.web.servletapi.SecurityContextHolderAwareRequestFilter@1a14fdf0, org.springframework.security.web.authentication.AnonymousAuthenticationFilter@261f359f, org.springframework.security.oauth2.client.web.OAuth2AuthorizationCodeGrantFilter@492be039, org.springframework.security.web.access.ExceptionTranslationFilter@240f350a, org.springframework.security.web.access.intercept.AuthorizationFilter@183fc2fa]
2024-02-20T18:10:48.377+09:00  INFO 24720 --- [    Test worker] o.s.b.t.m.w.SpringBootMockServletContext : Initializing Spring TestDispatcherServlet ''
2024-02-20T18:10:48.378+09:00  INFO 24720 --- [    Test worker] o.s.t.web.servlet.TestDispatcherServlet  : Initializing Servlet ''
2024-02-20T18:10:48.381+09:00  INFO 24720 --- [    Test worker] o.s.t.web.servlet.TestDispatcherServlet  : Completed initialization in 2 ms
2024-02-20T18:10:48.450+09:00  INFO 24720 --- [    Test worker] c.j.book.springboot.HelloControllerTest  : Started HelloControllerTest in 2.807 seconds (process running for 4.768)
]]></system-out>
  <system-err><![CDATA[]]></system-err>
</testsuite>
