<?xml version="1.0" encoding="UTF-8"?>
<testsuite name="com.jojoldu.book.springboot.web.IndexControllerTest" tests="1" skipped="0" failures="0" errors="0" timestamp="2024-02-12T07:40:44" hostname="LEEJEONGWOO" time="0.809">
  <properties/>
  <testcase name="메인페이지_로딩()" classname="com.jojoldu.book.springboot.web.IndexControllerTest" time="0.809"/>
  <system-out><![CDATA[16:40:38.933 [Test worker] INFO org.springframework.test.context.support.AnnotationConfigContextLoaderUtils -- Could not detect default configuration classes for test class [com.jojoldu.book.springboot.web.IndexControllerTest]: IndexControllerTest does not declare any static, non-private, non-final, nested classes annotated with @Configuration.
16:40:39.092 [Test worker] INFO org.springframework.boot.test.context.SpringBootTestContextBootstrapper -- Found @SpringBootConfiguration com.jojoldu.book.springboot.Application for test class com.jojoldu.book.springboot.web.IndexControllerTest

  .   ____          _            __ _ _
 /\\ / ___'_ __ _ _(_)_ __  __ _ \ \ \ \
( ( )\___ | '_ | '_| | '_ \/ _` | \ \ \ \
 \\/  ___)| |_)| | | | | || (_| |  ) ) ) )
  '  |____| .__|_| |_|_| |_\__, | / / / /
 =========|_|==============|___/=/_/_/_/
 :: Spring Boot ::                (v3.2.2)

2024-02-12T16:40:39.574+09:00  INFO 1880 --- [    Test worker] c.j.b.s.web.IndexControllerTest          : Starting IndexControllerTest using Java 17.0.8 with PID 1880 (started by lee12 in C:\jojoldu\Documents\git\book\projects\freelec-springboot2-webservice)
2024-02-12T16:40:39.575+09:00  INFO 1880 --- [    Test worker] c.j.b.s.web.IndexControllerTest          : No active profile set, falling back to 1 default profile: "default"
2024-02-12T16:40:40.190+09:00  INFO 1880 --- [    Test worker] .s.d.r.c.RepositoryConfigurationDelegate : Bootstrapping Spring Data JPA repositories in DEFAULT mode.
2024-02-12T16:40:40.257+09:00  INFO 1880 --- [    Test worker] .s.d.r.c.RepositoryConfigurationDelegate : Finished Spring Data repository scanning in 57 ms. Found 1 JPA repository interface.
2024-02-12T16:40:40.897+09:00  INFO 1880 --- [    Test worker] o.s.b.w.embedded.tomcat.TomcatWebServer  : Tomcat initialized with port 0 (http)
2024-02-12T16:40:40.915+09:00  INFO 1880 --- [    Test worker] o.apache.catalina.core.StandardService   : Starting service [Tomcat]
2024-02-12T16:40:40.915+09:00  INFO 1880 --- [    Test worker] o.apache.catalina.core.StandardEngine    : Starting Servlet engine: [Apache Tomcat/10.1.18]
2024-02-12T16:40:40.993+09:00  INFO 1880 --- [    Test worker] o.a.c.c.C.[Tomcat].[localhost].[/]       : Initializing Spring embedded WebApplicationContext
2024-02-12T16:40:40.994+09:00  INFO 1880 --- [    Test worker] w.s.c.ServletWebServerApplicationContext : Root WebApplicationContext: initialization completed in 1394 ms
2024-02-12T16:40:41.039+09:00  INFO 1880 --- [    Test worker] com.zaxxer.hikari.HikariDataSource       : HikariPool-1 - Starting...
2024-02-12T16:40:41.309+09:00  INFO 1880 --- [    Test worker] com.zaxxer.hikari.pool.HikariPool        : HikariPool-1 - Added connection conn0: url=jdbc:h2:mem://localhost/~/testdb user=SA
2024-02-12T16:40:41.311+09:00  INFO 1880 --- [    Test worker] com.zaxxer.hikari.HikariDataSource       : HikariPool-1 - Start completed.
2024-02-12T16:40:41.322+09:00  INFO 1880 --- [    Test worker] o.s.b.a.h2.H2ConsoleAutoConfiguration    : H2 console available at '/h2-console'. Database available at 'jdbc:h2:mem://localhost/~/testdb'
2024-02-12T16:40:41.597+09:00  INFO 1880 --- [    Test worker] o.hibernate.jpa.internal.util.LogHelper  : HHH000204: Processing PersistenceUnitInfo [name: default]
2024-02-12T16:40:41.732+09:00  INFO 1880 --- [    Test worker] org.hibernate.Version                    : HHH000412: Hibernate ORM core version 6.4.1.Final
2024-02-12T16:40:41.776+09:00  INFO 1880 --- [    Test worker] o.h.c.internal.RegionFactoryInitiator    : HHH000026: Second-level cache disabled
2024-02-12T16:40:42.052+09:00  INFO 1880 --- [    Test worker] o.s.o.j.p.SpringPersistenceUnitInfo      : No LoadTimeWeaver setup: ignoring JPA class transformer
2024-02-12T16:40:42.095+09:00  WARN 1880 --- [    Test worker] org.hibernate.orm.deprecation            : HHH90000025: MySQL8Dialect does not need to be specified explicitly using 'hibernate.dialect' (remove the property setting and it will be selected by default)
2024-02-12T16:40:42.096+09:00  WARN 1880 --- [    Test worker] org.hibernate.orm.deprecation            : HHH90000026: MySQL8Dialect has been deprecated; use org.hibernate.dialect.MySQLDialect instead
2024-02-12T16:40:43.097+09:00  INFO 1880 --- [    Test worker] o.h.e.t.j.p.i.JtaPlatformInitiator       : HHH000489: No JTA platform available (set 'hibernate.transaction.jta.platform' to enable JTA platform integration)
Hibernate: drop table if exists posts
Hibernate: create table posts (created_date datetime(6), id bigint not null auto_increment, modified_date datetime(6), title varchar(500) not null, author varchar(255), content TEXT not null, primary key (id)) engine=InnoDB
2024-02-12T16:40:43.151+09:00  INFO 1880 --- [    Test worker] j.LocalContainerEntityManagerFactoryBean : Initialized JPA EntityManagerFactory for persistence unit 'default'
2024-02-12T16:40:43.614+09:00  WARN 1880 --- [    Test worker] JpaBaseConfiguration$JpaWebConfiguration : spring.jpa.open-in-view is enabled by default. Therefore, database queries may be performed during view rendering. Explicitly configure spring.jpa.open-in-view to disable this warning
2024-02-12T16:40:43.648+09:00  INFO 1880 --- [    Test worker] o.s.b.a.w.s.WelcomePageHandlerMapping    : Adding welcome page template: index
2024-02-12T16:40:44.193+09:00  INFO 1880 --- [    Test worker] o.s.b.w.embedded.tomcat.TomcatWebServer  : Tomcat started on port 56518 (http) with context path ''
2024-02-12T16:40:44.204+09:00  INFO 1880 --- [    Test worker] c.j.b.s.web.IndexControllerTest          : Started IndexControllerTest in 4.956 seconds (process running for 6.397)
2024-02-12T16:40:44.916+09:00  INFO 1880 --- [o-auto-1-exec-1] o.a.c.c.C.[Tomcat].[localhost].[/]       : Initializing Spring DispatcherServlet 'dispatcherServlet'
2024-02-12T16:40:44.916+09:00  INFO 1880 --- [o-auto-1-exec-1] o.s.web.servlet.DispatcherServlet        : Initializing Servlet 'dispatcherServlet'
2024-02-12T16:40:44.917+09:00  INFO 1880 --- [o-auto-1-exec-1] o.s.web.servlet.DispatcherServlet        : Completed initialization in 1 ms
]]></system-out>
  <system-err><![CDATA[]]></system-err>
</testsuite>
